{"@timestamp":"2026-07-15T16:20:10.7670885+01:00","level":"INFO","thread_name":"background-preinit","logger_name":"org.hibernate.validator.internal.util.Version","message":"HV000001: Hibernate Validator 9.1.0.Final"}
{"@timestamp":"2026-07-15T16:20:10.895793+01:00","level":"INFO","thread_name":"main","logger_name":"com.gkfcsolution.springboot_project_structure.SpringbootProjectStructureApplication","message":"Starting SpringbootProjectStructureApplication using Java 17.0.10 with PID 23920 (C:\\Users\\Frank GUEKENG - GKFC\\IdeaProjects\\springboot_Project_structure\\target\\classes started by Frank GUEKENG in C:\\Users\\Frank GUEKENG - GKFC\\IdeaProjects\\springboot_Project_structure)"}
{"@timestamp":"2026-07-15T16:20:10.8988014+01:00","level":"INFO","thread_name":"main","logger_name":"com.gkfcsolution.springboot_project_structure.SpringbootProjectStructureApplication","message":"The following 1 profile is active: \"dev\""}
{"@timestamp":"2026-07-15T16:20:12.967826+01:00","level":"INFO","thread_name":"main","logger_name":"org.springframework.data.repository.config.RepositoryConfigurationDelegate","message":"Bootstrapping Spring Data JPA repositories in DEFAULT mode."}
{"@timestamp":"2026-07-15T16:20:13.07126+01:00","level":"INFO","thread_name":"main","logger_name":"org.springframework.data.repository.config.RepositoryConfigurationDelegate","message":"Finished Spring Data repository scanning in 90 ms. Found 1 JPA repository interface."}
{"@timestamp":"2026-07-15T16:20:14.7638698+01:00","level":"INFO","thread_name":"main","logger_name":"org.springframework.boot.tomcat.TomcatWebServer","message":"Tomcat initialized with port 8383 (http)"}
{"@timestamp":"2026-07-15T16:20:14.783869+01:00","level":"INFO","thread_name":"main","logger_name":"org.apache.coyote.http11.Http11NioProtocol","message":"Initializing ProtocolHandler [\"http-nio-8383\"]"}
{"@timestamp":"2026-07-15T16:20:14.785862+01:00","level":"INFO","thread_name":"main","logger_name":"org.apache.catalina.core.StandardService","message":"Starting service [Tomcat]"}
{"@timestamp":"2026-07-15T16:20:14.785862+01:00","level":"INFO","thread_name":"main","logger_name":"org.apache.catalina.core.StandardEngine","message":"Starting Servlet engine: [Apache Tomcat/11.0.22]"}
{"@timestamp":"2026-07-15T16:20:14.9045922+01:00","level":"INFO","thread_name":"main","logger_name":"org.springframework.boot.web.context.servlet.WebApplicationContextInitializer","message":"Root WebApplicationContext: initialization completed in 3879 ms"}
{"@timestamp":"2026-07-15T16:20:15.7729417+01:00","level":"INFO","thread_name":"main","logger_name":"org.hibernate.orm.jpa","message":"HHH008540: Processing PersistenceUnitInfo [name: default]"}
{"@timestamp":"2026-07-15T16:20:15.863993+01:00","level":"INFO","thread_name":"main","logger_name":"org.hibernate.orm.core","message":"HHH000001: Hibernate ORM core version 7.4.1.Final"}
{"@timestamp":"2026-07-15T16:20:16.5469191+01:00","level":"INFO","thread_name":"main","logger_name":"org.springframework.orm.jpa.persistenceunit.SpringPersistenceUnitInfo","message":"No LoadTimeWeaver setup: ignoring JPA class transformer"}
{"@timestamp":"2026-07-15T16:20:16.6125924+01:00","level":"INFO","thread_name":"main","logger_name":"com.zaxxer.hikari.HikariDataSource","message":"HikariPool-1 - Starting..."}
{"@timestamp":"2026-07-15T16:20:17.0553928+01:00","level":"INFO","thread_name":"main","logger_name":"com.zaxxer.hikari.pool.HikariPool","message":"HikariPool-1 - Added connection com.mysql.cj.jdbc.ConnectionImpl@73b71935"}
{"@timestamp":"2026-07-15T16:20:17.0573967+01:00","level":"INFO","thread_name":"main","logger_name":"com.zaxxer.hikari.HikariDataSource","message":"HikariPool-1 - Start completed."}
{"@timestamp":"2026-07-15T16:20:17.1370324+01:00","level":"WARN","thread_name":"main","logger_name":"org.hibernate.orm.deprecation","message":"HHH90000025: MySQLDialect does not need to be specified explicitly using 'hibernate.dialect' (remove the property setting and it will be selected by default)"}
{"@timestamp":"2026-07-15T16:20:17.1679978+01:00","level":"INFO","thread_name":"main","logger_name":"org.hibernate.orm.connections.pooling","message":"HHH10001005: Database info:\n\tDatabase JDBC URL [jdbc:mysql://localhost:3306/springboot_Project_structure?createDatabaseIfNotExist=true]\n\tDatabase driver: MySQL Connector/J\n\tDatabase dialect: MySQLDialect\n\tDatabase version: 8.3\n\tDefault catalog/schema: springboot_Project_structure/undefined\n\tAutocommit mode: undefined/unknown\n\tIsolation level: REPEATABLE_READ [default REPEATABLE_READ]\n\tJDBC fetch size: none\n\tPool: DataSourceConnectionProvider\n\tMinimum pool size: undefined/unknown\n\tMaximum pool size: undefined/unknown"}
{"@timestamp":"2026-07-15T16:20:19.0157287+01:00","level":"INFO","thread_name":"main","logger_name":"org.hibernate.orm.core","message":"HHH000489: No JTA platform available (set 'hibernate.transaction.jta.platform' to enable JTA platform integration)"}
{"@timestamp":"2026-07-15T16:20:19.1141963+01:00","level":"INFO","thread_name":"main","logger_name":"org.springframework.orm.jpa.LocalContainerEntityManagerFactoryBean","message":"Initialized JPA EntityManagerFactory for persistence unit 'default'"}
{"@timestamp":"2026-07-15T16:20:19.4717505+01:00","level":"INFO","thread_name":"main","logger_name":"org.springframework.data.jpa.repository.query.QueryEnhancerFactories","message":"Hibernate is in classpath; If applicable, HQL parser will be used."}
{"@timestamp":"2026-07-15T16:20:20.3176608+01:00","level":"INFO","thread_name":"main","logger_name":"org.springframework.security.config.annotation.authentication.configuration.InitializeAuthenticationProviderBeanManagerConfigurer$InitializeAuthenticationProviderManagerConfigurer","message":"Global AuthenticationManager configured with AuthenticationProvider bean with name authenticationProvider"}
{"@timestamp":"2026-07-15T16:20:20.3176608+01:00","level":"WARN","thread_name":"main","logger_name":"org.springframework.security.config.annotation.authentication.configuration.InitializeUserDetailsBeanManagerConfigurer$InitializeUserDetailsManagerConfigurer","message":"Global AuthenticationManager configured with an AuthenticationProvider bean. UserDetailsService beans will not be used by Spring Security for automatically configuring username/password login. Consider removing the AuthenticationProvider bean. Alternatively, consider using the UserDetailsService in a manually instantiated DaoAuthenticationProvider. If the current configuration is intentional, to turn off this warning, increase the logging level of 'org.springframework.security.config.annotation.authentication.configuration.InitializeUserDetailsBeanManagerConfigurer' to ERROR"}
{"@timestamp":"2026-07-15T16:20:21.3224785+01:00","level":"WARN","thread_name":"main","logger_name":"org.springframework.boot.jpa.autoconfigure.JpaBaseConfiguration$JpaWebConfiguration","message":"spring.jpa.open-in-view is enabled by default. Therefore, database queries may be performed during view rendering. Explicitly configure spring.jpa.open-in-view to disable this warning"}
{"@timestamp":"2026-07-15T16:20:22.9799039+01:00","level":"WARN","thread_name":"main","logger_name":"org.springframework.boot.web.server.servlet.context.AnnotationConfigServletWebServerApplicationContext","message":"Exception encountered during context initialization - cancelling refresh attempt: org.springframework.beans.factory.BeanCreationException: Error creating bean with name 'springBoot3Verifier' defined in class path resource [io/github/resilience4j/springboot3/verifier/autoconfigure/SpringBoot3VerifierAutoConfiguration.class]: Failed to instantiate [io.github.resilience4j.springboot3.verifier.autoconfigure.SpringBoot3Verifier]: Factory method 'springBoot3Verifier' threw exception with message: Module 'io.github.resilience4j:resilience4j-spring-boot3' is only compatible with Spring Boot 3.x"}
{"@timestamp":"2026-07-15T16:20:22.9829292+01:00","level":"INFO","thread_name":"main","logger_name":"org.springframework.orm.jpa.LocalContainerEntityManagerFactoryBean","message":"Closing JPA EntityManagerFactory for persistence unit 'default'"}
{"@timestamp":"2026-07-15T16:20:22.9858914+01:00","level":"INFO","thread_name":"main","logger_name":"com.zaxxer.hikari.HikariDataSource","message":"HikariPool-1 - Shutdown initiated..."}
{"@timestamp":"2026-07-15T16:20:22.9984518+01:00","level":"INFO","thread_name":"main","logger_name":"com.zaxxer.hikari.HikariDataSource","message":"HikariPool-1 - Shutdown completed."}
{"@timestamp":"2026-07-15T16:20:23.0034485+01:00","level":"INFO","thread_name":"main","logger_name":"org.apache.catalina.core.StandardService","message":"Stopping service [Tomcat]"}
{"@timestamp":"2026-07-15T16:20:23.036451+01:00","level":"INFO","thread_name":"main","logger_name":"org.springframework.boot.autoconfigure.logging.ConditionEvaluationReportLogger","message":"\r\n\r\nError starting ApplicationContext. To display the condition evaluation report re-run your application with 'debug' enabled."}
{"@timestamp":"2026-07-15T16:20:23.0698956+01:00","level":"ERROR","thread_name":"main","logger_name":"org.springframework.boot.diagnostics.LoggingFailureAnalysisReporter","message":"\r\n\r\n***************************\r\nAPPLICATION FAILED TO START\r\n***************************\r\n\r\nDescription:\r\n\r\nModule 'io.github.resilience4j:resilience4j-spring-boot3' is only compatible with Spring Boot 3.x\r\n\r\nAction:\r\n\r\nUpdate your project to use 'io.github.resilience4j:resilience4j-spring-boot4'\r\n"}
{"@timestamp":"2026-07-15T16:20:42.0352741+01:00","level":"INFO","thread_name":"background-preinit","logger_name":"org.hibernate.validator.internal.util.Version","message":"HV000001: Hibernate Validator 9.1.0.Final"}
{"@timestamp":"2026-07-15T16:20:42.2035607+01:00","level":"INFO","thread_name":"main","logger_name":"com.gkfcsolution.springboot_project_structure.SpringbootProjectStructureApplication","message":"Starting SpringbootProjectStructureApplication using Java 17.0.10 with PID 24520 (C:\\Users\\Frank GUEKENG - GKFC\\IdeaProjects\\springboot_Project_structure\\target\\classes started by Frank GUEKENG in C:\\Users\\Frank GUEKENG - GKFC\\IdeaProjects\\springboot_Project_structure)"}
{"@timestamp":"2026-07-15T16:20:42.205565+01:00","level":"INFO","thread_name":"main","logger_name":"com.gkfcsolution.springboot_project_structure.SpringbootProjectStructureApplication","message":"The following 1 profile is active: \"dev\""}
{"@timestamp":"2026-07-15T16:20:44.634271+01:00","level":"INFO","thread_name":"main","logger_name":"org.springframework.data.repository.config.RepositoryConfigurationDelegate","message":"Bootstrapping Spring Data JPA repositories in DEFAULT mode."}
{"@timestamp":"2026-07-15T16:20:44.7328671+01:00","level":"INFO","thread_name":"main","logger_name":"org.springframework.data.repository.config.RepositoryConfigurationDelegate","message":"Finished Spring Data repository scanning in 78 ms. Found 1 JPA repository interface."}
{"@timestamp":"2026-07-15T16:20:46.4069397+01:00","level":"INFO","thread_name":"main","logger_name":"org.springframework.boot.tomcat.TomcatWebServer","message":"Tomcat initialized with port 8383 (http)"}
{"@timestamp":"2026-07-15T16:20:46.4242389+01:00","level":"INFO","thread_name":"main","logger_name":"org.apache.coyote.http11.Http11NioProtocol","message":"Initializing ProtocolHandler [\"http-nio-8383\"]"}
{"@timestamp":"2026-07-15T16:20:46.4272471+01:00","level":"INFO","thread_name":"main","logger_name":"org.apache.catalina.core.StandardService","message":"Starting service [Tomcat]"}
{"@timestamp":"2026-07-15T16:20:46.4272471+01:00","level":"INFO","thread_name":"main","logger_name":"org.apache.catalina.core.StandardEngine","message":"Starting Servlet engine: [Apache Tomcat/11.0.22]"}
{"@timestamp":"2026-07-15T16:20:46.5309025+01:00","level":"INFO","thread_name":"main","logger_name":"org.springframework.boot.web.context.servlet.WebApplicationContextInitializer","message":"Root WebApplicationContext: initialization completed in 4172 ms"}
{"@timestamp":"2026-07-15T16:20:47.4378958+01:00","level":"INFO","thread_name":"main","logger_name":"org.hibernate.orm.jpa","message":"HHH008540: Processing PersistenceUnitInfo [name: default]"}
{"@timestamp":"2026-07-15T16:20:47.525674+01:00","level":"INFO","thread_name":"main","logger_name":"org.hibernate.orm.core","message":"HHH000001: Hibernate ORM core version 7.4.1.Final"}
{"@timestamp":"2026-07-15T16:20:48.1904253+01:00","level":"INFO","thread_name":"main","logger_name":"org.springframework.orm.jpa.persistenceunit.SpringPersistenceUnitInfo","message":"No LoadTimeWeaver setup: ignoring JPA class transformer"}
{"@timestamp":"2026-07-15T16:20:48.2433889+01:00","level":"INFO","thread_name":"main","logger_name":"com.zaxxer.hikari.HikariDataSource","message":"HikariPool-1 - Starting..."}
{"@timestamp":"2026-07-15T16:20:48.7346196+01:00","level":"INFO","thread_name":"main","logger_name":"com.zaxxer.hikari.pool.HikariPool","message":"HikariPool-1 - Added connection com.mysql.cj.jdbc.ConnectionImpl@6fa5fc67"}
{"@timestamp":"2026-07-15T16:20:48.7376187+01:00","level":"INFO","thread_name":"main","logger_name":"com.zaxxer.hikari.HikariDataSource","message":"HikariPool-1 - Start completed."}
{"@timestamp":"2026-07-15T16:20:48.8243128+01:00","level":"WARN","thread_name":"main","logger_name":"org.hibernate.orm.deprecation","message":"HHH90000025: MySQLDialect does not need to be specified explicitly using 'hibernate.dialect' (remove the property setting and it will be selected by default)"}
{"@timestamp":"2026-07-15T16:20:48.8584039+01:00","level":"INFO","thread_name":"main","logger_name":"org.hibernate.orm.connections.pooling","message":"HHH10001005: Database info:\n\tDatabase JDBC URL [jdbc:mysql://localhost:3306/springboot_Project_structure?createDatabaseIfNotExist=true]\n\tDatabase driver: MySQL Connector/J\n\tDatabase dialect: MySQLDialect\n\tDatabase version: 8.3\n\tDefault catalog/schema: springboot_Project_structure/undefined\n\tAutocommit mode: undefined/unknown\n\tIsolation level: REPEATABLE_READ [default REPEATABLE_READ]\n\tJDBC fetch size: none\n\tPool: DataSourceConnectionProvider\n\tMinimum pool size: undefined/unknown\n\tMaximum pool size: undefined/unknown"}
{"@timestamp":"2026-07-15T16:20:50.8441696+01:00","level":"INFO","thread_name":"main","logger_name":"org.hibernate.orm.core","message":"HHH000489: No JTA platform available (set 'hibernate.transaction.jta.platform' to enable JTA platform integration)"}
{"@timestamp":"2026-07-15T16:20:50.9638621+01:00","level":"INFO","thread_name":"main","logger_name":"org.springframework.orm.jpa.LocalContainerEntityManagerFactoryBean","message":"Initialized JPA EntityManagerFactory for persistence unit 'default'"}
{"@timestamp":"2026-07-15T16:20:51.347448+01:00","level":"INFO","thread_name":"main","logger_name":"org.springframework.data.jpa.repository.query.QueryEnhancerFactories","message":"Hibernate is in classpath; If applicable, HQL parser will be used."}
{"@timestamp":"2026-07-15T16:20:52.1053764+01:00","level":"INFO","thread_name":"main","logger_name":"org.springframework.security.config.annotation.authentication.configuration.InitializeAuthenticationProviderBeanManagerConfigurer$InitializeAuthenticationProviderManagerConfigurer","message":"Global AuthenticationManager configured with AuthenticationProvider bean with name authenticationProvider"}
{"@timestamp":"2026-07-15T16:20:52.1063787+01:00","level":"WARN","thread_name":"main","logger_name":"org.springframework.security.config.annotation.authentication.configuration.InitializeUserDetailsBeanManagerConfigurer$InitializeUserDetailsManagerConfigurer","message":"Global AuthenticationManager configured with an AuthenticationProvider bean. UserDetailsService beans will not be used by Spring Security for automatically configuring username/password login. Consider removing the AuthenticationProvider bean. Alternatively, consider using the UserDetailsService in a manually instantiated DaoAuthenticationProvider. If the current configuration is intentional, to turn off this warning, increase the logging level of 'org.springframework.security.config.annotation.authentication.configuration.InitializeUserDetailsBeanManagerConfigurer' to ERROR"}
{"@timestamp":"2026-07-15T16:20:53.446173+01:00","level":"WARN","thread_name":"main","logger_name":"org.springframework.boot.jpa.autoconfigure.JpaBaseConfiguration$JpaWebConfiguration","message":"spring.jpa.open-in-view is enabled by default. Therefore, database queries may be performed during view rendering. Explicitly configure spring.jpa.open-in-view to disable this warning"}
{"@timestamp":"2026-07-15T16:20:55.3555892+01:00","level":"WARN","thread_name":"main","logger_name":"org.springframework.boot.web.server.servlet.context.AnnotationConfigServletWebServerApplicationContext","message":"Exception encountered during context initialization - cancelling refresh attempt: org.springframework.beans.factory.BeanCreationException: Error creating bean with name 'springBoot3Verifier' defined in class path resource [io/github/resilience4j/springboot3/verifier/autoconfigure/SpringBoot3VerifierAutoConfiguration.class]: Failed to instantiate [io.github.resilience4j.springboot3.verifier.autoconfigure.SpringBoot3Verifier]: Factory method 'springBoot3Verifier' threw exception with message: Module 'io.github.resilience4j:resilience4j-spring-boot3' is only compatible with Spring Boot 3.x"}
{"@timestamp":"2026-07-15T16:20:55.3585857+01:00","level":"INFO","thread_name":"main","logger_name":"org.springframework.orm.jpa.LocalContainerEntityManagerFactoryBean","message":"Closing JPA EntityManagerFactory for persistence unit 'default'"}
{"@timestamp":"2026-07-15T16:20:55.3621108+01:00","level":"INFO","thread_name":"main","logger_name":"com.zaxxer.hikari.HikariDataSource","message":"HikariPool-1 - Shutdown initiated..."}
{"@timestamp":"2026-07-15T16:20:55.3731243+01:00","level":"INFO","thread_name":"main","logger_name":"com.zaxxer.hikari.HikariDataSource","message":"HikariPool-1 - Shutdown completed."}
{"@timestamp":"2026-07-15T16:20:55.3831369+01:00","level":"INFO","thread_name":"main","logger_name":"org.apache.catalina.core.StandardService","message":"Stopping service [Tomcat]"}
{"@timestamp":"2026-07-15T16:20:55.4122069+01:00","level":"INFO","thread_name":"main","logger_name":"org.springframework.boot.autoconfigure.logging.ConditionEvaluationReportLogger","message":"\r\n\r\nError starting ApplicationContext. To display the condition evaluation report re-run your application with 'debug' enabled."}
{"@timestamp":"2026-07-15T16:20:55.4357325+01:00","level":"ERROR","thread_name":"main","logger_name":"org.springframework.boot.diagnostics.LoggingFailureAnalysisReporter","message":"\r\n\r\n***************************\r\nAPPLICATION FAILED TO START\r\n***************************\r\n\r\nDescription:\r\n\r\nModule 'io.github.resilience4j:resilience4j-spring-boot3' is only compatible with Spring Boot 3.x\r\n\r\nAction:\r\n\r\nUpdate your project to use 'io.github.resilience4j:resilience4j-spring-boot4'\r\n"}
{"@timestamp":"2026-07-15T16:25:54.6008378+01:00","level":"INFO","thread_name":"background-preinit","logger_name":"org.hibernate.validator.internal.util.Version","message":"HV000001: Hibernate Validator 9.1.0.Final"}
{"@timestamp":"2026-07-15T16:25:54.7683936+01:00","level":"INFO","thread_name":"main","logger_name":"com.gkfcsolution.springboot_project_structure.SpringbootProjectStructureApplication","message":"Starting SpringbootProjectStructureApplication using Java 17.0.10 with PID 2440 (C:\\Users\\Frank GUEKENG - GKFC\\IdeaProjects\\springboot_Project_structure\\target\\classes started by Frank GUEKENG in C:\\Users\\Frank GUEKENG - GKFC\\IdeaProjects\\springboot_Project_structure)"}
{"@timestamp":"2026-07-15T16:25:54.7713879+01:00","level":"INFO","thread_name":"main","logger_name":"com.gkfcsolution.springboot_project_structure.SpringbootProjectStructureApplication","message":"The following 1 profile is active: \"dev\""}
{"@timestamp":"2026-07-15T16:25:57.2112722+01:00","level":"INFO","thread_name":"main","logger_name":"org.springframework.data.repository.config.RepositoryConfigurationDelegate","message":"Bootstrapping Spring Data JPA repositories in DEFAULT mode."}
{"@timestamp":"2026-07-15T16:25:57.32383+01:00","level":"INFO","thread_name":"main","logger_name":"org.springframework.data.repository.config.RepositoryConfigurationDelegate","message":"Finished Spring Data repository scanning in 98 ms. Found 1 JPA repository interface."}
{"@timestamp":"2026-07-15T16:25:59.1088228+01:00","level":"INFO","thread_name":"main","logger_name":"org.springframework.boot.tomcat.TomcatWebServer","message":"Tomcat initialized with port 8383 (http)"}
{"@timestamp":"2026-07-15T16:25:59.1354379+01:00","level":"INFO","thread_name":"main","logger_name":"org.apache.coyote.http11.Http11NioProtocol","message":"Initializing ProtocolHandler [\"http-nio-8383\"]"}
{"@timestamp":"2026-07-15T16:25:59.137439+01:00","level":"INFO","thread_name":"main","logger_name":"org.apache.catalina.core.StandardService","message":"Starting service [Tomcat]"}
{"@timestamp":"2026-07-15T16:25:59.137439+01:00","level":"INFO","thread_name":"main","logger_name":"org.apache.catalina.core.StandardEngine","message":"Starting Servlet engine: [Apache Tomcat/11.0.22]"}
{"@timestamp":"2026-07-15T16:25:59.3462431+01:00","level":"INFO","thread_name":"main","logger_name":"org.springframework.boot.web.context.servlet.WebApplicationContextInitializer","message":"Root WebApplicationContext: initialization completed in 4426 ms"}
{"@timestamp":"2026-07-15T16:26:01.4723219+01:00","level":"INFO","thread_name":"main","logger_name":"org.hibernate.orm.jpa","message":"HHH008540: Processing PersistenceUnitInfo [name: default]"}
{"@timestamp":"2026-07-15T16:26:01.6768756+01:00","level":"INFO","thread_name":"main","logger_name":"org.hibernate.orm.core","message":"HHH000001: Hibernate ORM core version 7.4.1.Final"}
{"@timestamp":"2026-07-15T16:26:03.2210218+01:00","level":"INFO","thread_name":"main","logger_name":"org.springframework.orm.jpa.persistenceunit.SpringPersistenceUnitInfo","message":"No LoadTimeWeaver setup: ignoring JPA class transformer"}
{"@timestamp":"2026-07-15T16:26:03.2924191+01:00","level":"INFO","thread_name":"main","logger_name":"com.zaxxer.hikari.HikariDataSource","message":"HikariPool-1 - Starting..."}
{"@timestamp":"2026-07-15T16:26:04.0246233+01:00","level":"INFO","thread_name":"main","logger_name":"com.zaxxer.hikari.pool.HikariPool","message":"HikariPool-1 - Added connection com.mysql.cj.jdbc.ConnectionImpl@5d72da0b"}
{"@timestamp":"2026-07-15T16:26:04.0286231+01:00","level":"INFO","thread_name":"main","logger_name":"com.zaxxer.hikari.HikariDataSource","message":"HikariPool-1 - Start completed."}
{"@timestamp":"2026-07-15T16:26:04.2102528+01:00","level":"WARN","thread_name":"main","logger_name":"org.hibernate.orm.deprecation","message":"HHH90000025: MySQLDialect does not need to be specified explicitly using 'hibernate.dialect' (remove the property setting and it will be selected by default)"}
{"@timestamp":"2026-07-15T16:26:04.2534491+01:00","level":"INFO","thread_name":"main","logger_name":"org.hibernate.orm.connections.pooling","message":"HHH10001005: Database info:\n\tDatabase JDBC URL [jdbc:mysql://localhost:3306/springboot_Project_structure?createDatabaseIfNotExist=true]\n\tDatabase driver: MySQL Connector/J\n\tDatabase dialect: MySQLDialect\n\tDatabase version: 8.3\n\tDefault catalog/schema: springboot_Project_structure/undefined\n\tAutocommit mode: undefined/unknown\n\tIsolation level: REPEATABLE_READ [default REPEATABLE_READ]\n\tJDBC fetch size: none\n\tPool: DataSourceConnectionProvider\n\tMinimum pool size: undefined/unknown\n\tMaximum pool size: undefined/unknown"}
{"@timestamp":"2026-07-15T16:26:07.1227338+01:00","level":"INFO","thread_name":"main","logger_name":"org.hibernate.orm.core","message":"HHH000489: No JTA platform available (set 'hibernate.transaction.jta.platform' to enable JTA platform integration)"}
{"@timestamp":"2026-07-15T16:26:07.380948+01:00","level":"INFO","thread_name":"main","logger_name":"org.springframework.orm.jpa.LocalContainerEntityManagerFactoryBean","message":"Initialized JPA EntityManagerFactory for persistence unit 'default'"}
{"@timestamp":"2026-07-15T16:26:08.5800801+01:00","level":"INFO","thread_name":"main","logger_name":"org.springframework.data.jpa.repository.query.QueryEnhancerFactories","message":"Hibernate is in classpath; If applicable, HQL parser will be used."}
{"@timestamp":"2026-07-15T16:26:09.6106489+01:00","level":"INFO","thread_name":"main","logger_name":"org.springframework.security.config.annotation.authentication.configuration.InitializeAuthenticationProviderBeanManagerConfigurer$InitializeAuthenticationProviderManagerConfigurer","message":"Global AuthenticationManager configured with AuthenticationProvider bean with name authenticationProvider"}
{"@timestamp":"2026-07-15T16:26:09.6131745+01:00","level":"WARN","thread_name":"main","logger_name":"org.springframework.security.config.annotation.authentication.configuration.InitializeUserDetailsBeanManagerConfigurer$InitializeUserDetailsManagerConfigurer","message":"Global AuthenticationManager configured with an AuthenticationProvider bean. UserDetailsService beans will not be used by Spring Security for automatically configuring username/password login. Consider removing the AuthenticationProvider bean. Alternatively, consider using the UserDetailsService in a manually instantiated DaoAuthenticationProvider. If the current configuration is intentional, to turn off this warning, increase the logging level of 'org.springframework.security.config.annotation.authentication.configuration.InitializeUserDetailsBeanManagerConfigurer' to ERROR"}
{"@timestamp":"2026-07-15T16:26:10.8865039+01:00","level":"WARN","thread_name":"main","logger_name":"org.springframework.boot.jpa.autoconfigure.JpaBaseConfiguration$JpaWebConfiguration","message":"spring.jpa.open-in-view is enabled by default. Therefore, database queries may be performed during view rendering. Explicitly configure spring.jpa.open-in-view to disable this warning"}
{"@timestamp":"2026-07-15T16:26:16.594366+01:00","level":"INFO","thread_name":"main","logger_name":"org.springframework.boot.actuate.endpoint.web.EndpointLinksResolver","message":"Exposing 1 endpoint beneath base path '/actuator'"}
{"@timestamp":"2026-07-15T16:26:16.8642015+01:00","level":"INFO","thread_name":"main","logger_name":"org.apache.coyote.http11.Http11NioProtocol","message":"Starting ProtocolHandler [\"http-nio-8383\"]"}
{"@timestamp":"2026-07-15T16:26:16.906583+01:00","level":"INFO","thread_name":"main","logger_name":"org.springframework.boot.tomcat.TomcatWebServer","message":"Tomcat started on port 8383 (http) with context path '/gkfcsolution'"}
{"@timestamp":"2026-07-15T16:26:16.9334512+01:00","level":"INFO","thread_name":"main","logger_name":"com.gkfcsolution.springboot_project_structure.SpringbootProjectStructureApplication","message":"Started SpringbootProjectStructureApplication in 24.063 seconds (process running for 26.311)"}
{"@timestamp":"2026-07-15T16:26:17.3875519+01:00","level":"INFO","thread_name":"RMI TCP Connection(4)-17.1.10.130","logger_name":"org.apache.catalina.core.ContainerBase.[Tomcat].[localhost].[/gkfcsolution]","message":"Initializing Spring DispatcherServlet 'dispatcherServlet'"}
{"@timestamp":"2026-07-15T16:26:17.3875519+01:00","level":"INFO","thread_name":"RMI TCP Connection(4)-17.1.10.130","logger_name":"org.springframework.web.servlet.DispatcherServlet","message":"Initializing Servlet 'dispatcherServlet'"}
{"@timestamp":"2026-07-15T16:26:17.3905485+01:00","level":"INFO","thread_name":"RMI TCP Connection(4)-17.1.10.130","logger_name":"org.springframework.web.servlet.DispatcherServlet","message":"Completed initialization in 2 ms"}
{"@timestamp":"2026-07-15T16:27:36.5337242+01:00","level":"INFO","thread_name":"SpringApplicationShutdownHook","logger_name":"org.springframework.boot.tomcat.GracefulShutdown","message":"Commencing graceful shutdown. Waiting for active requests to complete"}
{"@timestamp":"2026-07-15T16:27:37.046042+01:00","level":"INFO","thread_name":"tomcat-shutdown","logger_name":"org.springframework.boot.tomcat.GracefulShutdown","message":"Graceful shutdown complete"}
{"@timestamp":"2026-07-15T16:27:37.0620886+01:00","level":"INFO","thread_name":"SpringApplicationShutdownHook","logger_name":"org.springframework.orm.jpa.LocalContainerEntityManagerFactoryBean","message":"Closing JPA EntityManagerFactory for persistence unit 'default'"}
{"@timestamp":"2026-07-15T16:27:37.0671019+01:00","level":"INFO","thread_name":"SpringApplicationShutdownHook","logger_name":"com.zaxxer.hikari.HikariDataSource","message":"HikariPool-1 - Shutdown initiated..."}
{"@timestamp":"2026-07-15T16:27:37.0851681+01:00","level":"INFO","thread_name":"SpringApplicationShutdownHook","logger_name":"com.zaxxer.hikari.HikariDataSource","message":"HikariPool-1 - Shutdown completed."}
